<?xml version="1.0" encoding="UTF-8"?>
<testsuite name="testClass" tests="1" skipped="0" failures="0" errors="0" timestamp="2022-09-26T12:54:46" hostname="DESKTOP-10P96BM" time="0.07">
  <properties/>
  <testcase name="testGet_Username()" classname="testClass" time="0.07"/>
  <system-out><![CDATA[]]></system-out>
  <system-err><![CDATA[]]></system-err>
</testsuite>
