<?xml version="1.0" encoding="UTF-8"?>
<testsuite name="testClass" tests="4" skipped="0" failures="0" errors="0" timestamp="2022-10-15T17:38:26" hostname="DESKTOP-10P96BM" time="0.026">
  <properties/>
  <testcase name="testLecturer()" classname="testClass" time="0.018"/>
  <testcase name="testCourse()" classname="testClass" time="0.001"/>
  <testcase name="testModule()" classname="testClass" time="0.003"/>
  <testcase name="testStudent()" classname="testClass" time="0.001"/>
  <system-out><![CDATA[23454
]]></system-out>
  <system-err><![CDATA[]]></system-err>
</testsuite>
